<?xml version="1.0" encoding="UTF-8"?>
<!-- Generated by org.testng.reporters.JUnitXMLReporter -->
<testsuite ignored="2" hostname="LAPTOP-5ALMQL8U" failures="0" tests="2" name="Test.chrome" time="24.334" errors="0" timestamp="2025-11-26T18:36:29 IST">
  <testcase classname="cyclos_test_scripts.DirectoryPayment" name="marketPlacePayment" time="9.305"/>
  <testcase classname="cyclos_test_scripts.PaymentSchedule" name="schedule" time="6.087"/>
  <testcase classname="cyclos_config_files.CyclosDriverClass" name="@AfterTest close" time="0.0">
    <ignored/>
  </testcase> <!-- @AfterTest close -->
  <testcase classname="cyclos_config_files.CyclosDriverClass" name="@BeforeTest openBrowser" time="0.0">
    <ignored/>
  </testcase> <!-- @BeforeTest openBrowser -->
</testsuite> <!-- Test.chrome -->
