<?xml version="1.0" encoding="UTF-8"?>
<!-- Generated by org.testng.reporters.JUnitXMLReporter -->
<testsuite ignored="0" hostname="CQMD84096" failures="1" tests="1" name="Run Contacts Feature" time="36.792" errors="0" timestamp="2026-03-27T14:56:27 IST">
  <testcase classname="io.cucumber.testng.AbstractTestNGCucumberTests" name="runScenario" time="26.435">
    <failure type="org.openqa.selenium.ElementClickInterceptedException" message="element click intercepted: Element &amp;lt;a id=&amp;quot;menu_dashboard&amp;quot; class=&amp;quot;nav-item menu-item density-spacious&amp;quot; href=&amp;quot;/ui/&amp;quot;&amp;gt;...&amp;lt;/a&amp;gt; is not clickable at point (589, 28). Other element would receive the click: &amp;lt;div class=&amp;quot;modal-content&amp;quot;&amp;gt;...&amp;lt;/div&amp;gt;
  (Session info: chrome=146.0.7680.165)
Build info: version: &amp;apos;4.38.0&amp;apos;, revision: &amp;apos;6b412e825c*&amp;apos;
System info: os.name: &amp;apos;Windows 11&amp;apos;, os.arch: &amp;apos;amd64&amp;apos;, os.version: &amp;apos;10.0&amp;apos;, java.version: &amp;apos;21.0.9&amp;apos;
Driver info: org.openqa.selenium.chrome.ChromeDriver
Command: [0e26bbafc66720d308b78d823f964b5e, clickElement {id=f.F06A07B91EE62C5ABD398E550251CCDC.d.D725C97490F58ADAF327AB3F4551E16D.e.38}]
Capabilities {acceptInsecureCerts: false, browserName: chrome, browserVersion: 146.0.7680.165, chrome: {chromedriverVersion: 146.0.7680.165 (4b989da09e1..., userDataDir: C:\Users\harsha.vv\AppData\...}, fedcm:accounts: true, goog:chromeOptions: {debuggerAddress: localhost:56242}, goog:processID: 16808, networkConnectionEnabled: false, pageLoadStrategy: normal, platformName: windows, proxy: Proxy(), se:cdp: ws://localhost:56242/devtoo..., se:cdpVersion: 146.0.7680.165, setWindowRect: true, strictFileInteractability: false, timeouts: {implicit: 0, pageLoad: 300000, script: 30000}, unhandledPromptBehavior: dismiss and notify, webauthn:extension:credBlob: true, webauthn:extension:largeBlob: true, webauthn:extension:minPinLength: true, webauthn:extension:prf: true, webauthn:virtualAuthenticators: true}
Element: [[ChromeDriver: chrome on windows (0e26bbafc66720d308b78d823f964b5e)] -&amp;gt; id: menu_dashboard]
Session ID: 0e26bbafc66720d308b78d823f964b5e">
      <![CDATA[org.openqa.selenium.ElementClickInterceptedException: element click intercepted: Element <a id="menu_dashboard" class="nav-item menu-item density-spacious" href="/ui/">...</a> is not clickable at point (589, 28). Other element would receive the click: <div class="modal-content">...</div>
  (Session info: chrome=146.0.7680.165)
Build info: version: '4.38.0', revision: '6b412e825c*'
System info: os.name: 'Windows 11', os.arch: 'amd64', os.version: '10.0', java.version: '21.0.9'
Driver info: org.openqa.selenium.chrome.ChromeDriver
Command: [0e26bbafc66720d308b78d823f964b5e, clickElement {id=f.F06A07B91EE62C5ABD398E550251CCDC.d.D725C97490F58ADAF327AB3F4551E16D.e.38}]
Capabilities {acceptInsecureCerts: false, browserName: chrome, browserVersion: 146.0.7680.165, chrome: {chromedriverVersion: 146.0.7680.165 (4b989da09e1..., userDataDir: C:\Users\harsha.vv\AppData\...}, fedcm:accounts: true, goog:chromeOptions: {debuggerAddress: localhost:56242}, goog:processID: 16808, networkConnectionEnabled: false, pageLoadStrategy: normal, platformName: windows, proxy: Proxy(), se:cdp: ws://localhost:56242/devtoo..., se:cdpVersion: 146.0.7680.165, setWindowRect: true, strictFileInteractability: false, timeouts: {implicit: 0, pageLoad: 300000, script: 30000}, unhandledPromptBehavior: dismiss and notify, webauthn:extension:credBlob: true, webauthn:extension:largeBlob: true, webauthn:extension:minPinLength: true, webauthn:extension:prf: true, webauthn:virtualAuthenticators: true}
Element: [[ChromeDriver: chrome on windows (0e26bbafc66720d308b78d823f964b5e)] -> id: menu_dashboard]
Session ID: 0e26bbafc66720d308b78d823f964b5e
at org.openqa.selenium.remote.ErrorCodec.decode(ErrorCodec.java:167)
at org.openqa.selenium.remote.codec.w3c.W3CHttpResponseCodec.decode(W3CHttpResponseCodec.java:138)
at org.openqa.selenium.remote.codec.w3c.W3CHttpResponseCodec.decode(W3CHttpResponseCodec.java:50)
at org.openqa.selenium.remote.HttpCommandExecutor.execute(HttpCommandExecutor.java:215)
at org.openqa.selenium.remote.service.DriverCommandExecutor.invokeExecute(DriverCommandExecutor.java:216)
at org.openqa.selenium.remote.service.DriverCommandExecutor.execute(DriverCommandExecutor.java:174)
at org.openqa.selenium.remote.RemoteWebDriver.execute(RemoteWebDriver.java:557)
at org.openqa.selenium.remote.RemoteWebElement.execute(RemoteWebElement.java:223)
at org.openqa.selenium.remote.RemoteWebElement.click(RemoteWebElement.java:76)
at org.openqa.selenium.support.pagefactory.internal.LocatingElementHandler.invoke(LocatingElementHandler.java:51)
at jdk.proxy2/jdk.proxy2.$Proxy27.click(Unknown Source)
at definations_classes.AddContact.user_clicks_on_submit_button_and_verifies_success_notifaction_and_contact_added(AddContact.java:100)
at ✽.User clicks on submit button and verifies success notifaction and contact added.(file:///C:/Users/harsha.vv/eclipse-workspace/cyclos_own_bdd_Project-main/Feature%20Files/AddContacts.feature:9)
... Removed 5 stack frames]]>
    </failure>
  </testcase> <!-- runScenario -->
</testsuite> <!-- Run Contacts Feature -->
