<?xml version="1.0" encoding="UTF-8"?>
<!-- Generated by org.testng.reporters.JUnitXMLReporter -->
<testsuite ignored="0" hostname="LAPTOP-5ALMQL8U" failures="3" tests="7" name="Run Login Feature" time="19.683" errors="0" timestamp="2025-12-06T10:52:33 IST">
  <testcase classname="io.cucumber.testng.AbstractTestNGCucumberTests" name="runScenario" time="2.585"/>
  <testcase classname="io.cucumber.testng.AbstractTestNGCucumberTests" name="runScenario" time="0.96"/>
  <testcase classname="io.cucumber.testng.AbstractTestNGCucumberTests" name="runScenario" time="0.908"/>
  <testcase classname="io.cucumber.testng.AbstractTestNGCucumberTests" name="runScenario" time="2.046"/>
  <testcase classname="io.cucumber.testng.AbstractTestNGCucumberTests" name="runScenario" time="4.419">
    <failure type="java.lang.AssertionError" message="expected [The given name / password are incorrect. Please, try again.] but found [Your IP address is blocked for exceeding login attempts]">
      <![CDATA[java.lang.AssertionError: expected [The given name / password are incorrect. Please, try again.] but found [Your IP address is blocked for exceeding login attempts]
at definations_classes.LoginPositiveAndNegitive.user_verifies_validation_messages_for_negative_cases_and_verify_logout_button_presence_for_positive_case(LoginPositiveAndNegitive.java:118)
at ✽.User verifies validation messages for negative cases and verify logout button presence for positive case.(file:///E:/Selenium%20web%20driver-utlities/cyclos_own_bdd_Project/Feature%20Files/CyclosLogin.feature:8)
... Removed 6 stack frames]]>
    </failure>
  </testcase> <!-- runScenario -->
  <testcase classname="io.cucumber.testng.AbstractTestNGCucumberTests" name="runScenario" time="1.115">
    <failure type="org.openqa.selenium.ElementClickInterceptedException" message="element click intercepted: Element &amp;lt;a routerlink=&amp;quot;/login&amp;quot; id=&amp;quot;login-link&amp;quot; aria-label=&amp;quot;Login&amp;quot; class=&amp;quot;nav-item menu-item density-spacious active&amp;quot; href=&amp;quot;/ui/login&amp;quot;&amp;gt;...&amp;lt;/a&amp;gt; is not clickable at point (1461, 28). Other element would receive the click: &amp;lt;modal-container role=&amp;quot;dialog&amp;quot; tabindex=&amp;quot;-1&amp;quot; class=&amp;quot;modal fade show&amp;quot; style=&amp;quot;display: block;&amp;quot; aria-modal=&amp;quot;true&amp;quot;&amp;gt;...&amp;lt;/modal-container&amp;gt;
  (Session info: chrome=142.0.7444.176)
Build info: version: &amp;apos;4.38.0&amp;apos;, revision: &amp;apos;6b412e825c*&amp;apos;
System info: os.name: &amp;apos;Windows 11&amp;apos;, os.arch: &amp;apos;amd64&amp;apos;, os.version: &amp;apos;10.0&amp;apos;, java.version: &amp;apos;11.0.24&amp;apos;
Driver info: org.openqa.selenium.chrome.ChromeDriver
Command: [4c0cc11ade2fcce7fc52850a9a12caa5, clickElement {id=f.7A5D77F5C6EACE5860131978BFD6AC74.d.AEB2E7047645A594D10D9AAD3D32DF22.e.1276}]
Capabilities {acceptInsecureCerts: false, browserName: chrome, browserVersion: 142.0.7444.176, chrome: {chromedriverVersion: 142.0.7444.61 (9884f628acbc..., userDataDir: C:\Users\User\AppData\Local...}, fedcm:accounts: true, goog:chromeOptions: {debuggerAddress: localhost:14033}, goog:processID: 1576, networkConnectionEnabled: false, pageLoadStrategy: normal, platformName: windows, proxy: Proxy(), se:cdp: ws://localhost:14033/devtoo..., se:cdpVersion: 142.0.7444.176, setWindowRect: true, strictFileInteractability: false, timeouts: {implicit: 0, pageLoad: 300000, script: 30000}, unhandledPromptBehavior: dismiss and notify, webauthn:extension:credBlob: true, webauthn:extension:largeBlob: true, webauthn:extension:minPinLength: true, webauthn:extension:prf: true, webauthn:virtualAuthenticators: true}
Element: [[ChromeDriver: chrome on windows (4c0cc11ade2fcce7fc52850a9a12caa5)] -&amp;gt; id: login-link]
Session ID: 4c0cc11ade2fcce7fc52850a9a12caa5">
      <![CDATA[org.openqa.selenium.ElementClickInterceptedException: element click intercepted: Element <a routerlink="/login" id="login-link" aria-label="Login" class="nav-item menu-item density-spacious active" href="/ui/login">...</a> is not clickable at point (1461, 28). Other element would receive the click: <modal-container role="dialog" tabindex="-1" class="modal fade show" style="display: block;" aria-modal="true">...</modal-container>
  (Session info: chrome=142.0.7444.176)
Build info: version: '4.38.0', revision: '6b412e825c*'
System info: os.name: 'Windows 11', os.arch: 'amd64', os.version: '10.0', java.version: '11.0.24'
Driver info: org.openqa.selenium.chrome.ChromeDriver
Command: [4c0cc11ade2fcce7fc52850a9a12caa5, clickElement {id=f.7A5D77F5C6EACE5860131978BFD6AC74.d.AEB2E7047645A594D10D9AAD3D32DF22.e.1276}]
Capabilities {acceptInsecureCerts: false, browserName: chrome, browserVersion: 142.0.7444.176, chrome: {chromedriverVersion: 142.0.7444.61 (9884f628acbc..., userDataDir: C:\Users\User\AppData\Local...}, fedcm:accounts: true, goog:chromeOptions: {debuggerAddress: localhost:14033}, goog:processID: 1576, networkConnectionEnabled: false, pageLoadStrategy: normal, platformName: windows, proxy: Proxy(), se:cdp: ws://localhost:14033/devtoo..., se:cdpVersion: 142.0.7444.176, setWindowRect: true, strictFileInteractability: false, timeouts: {implicit: 0, pageLoad: 300000, script: 30000}, unhandledPromptBehavior: dismiss and notify, webauthn:extension:credBlob: true, webauthn:extension:largeBlob: true, webauthn:extension:minPinLength: true, webauthn:extension:prf: true, webauthn:virtualAuthenticators: true}
Element: [[ChromeDriver: chrome on windows (4c0cc11ade2fcce7fc52850a9a12caa5)] -> id: login-link]
Session ID: 4c0cc11ade2fcce7fc52850a9a12caa5
at org.openqa.selenium.remote.ErrorCodec.decode(ErrorCodec.java:167)
at org.openqa.selenium.remote.codec.w3c.W3CHttpResponseCodec.decode(W3CHttpResponseCodec.java:138)
at org.openqa.selenium.remote.codec.w3c.W3CHttpResponseCodec.decode(W3CHttpResponseCodec.java:50)
at org.openqa.selenium.remote.HttpCommandExecutor.execute(HttpCommandExecutor.java:215)
at org.openqa.selenium.remote.service.DriverCommandExecutor.invokeExecute(DriverCommandExecutor.java:216)
at org.openqa.selenium.remote.service.DriverCommandExecutor.execute(DriverCommandExecutor.java:174)
at org.openqa.selenium.remote.RemoteWebDriver.execute(RemoteWebDriver.java:557)
at org.openqa.selenium.remote.RemoteWebElement.execute(RemoteWebElement.java:223)
at org.openqa.selenium.remote.RemoteWebElement.click(RemoteWebElement.java:76)
at org.openqa.selenium.support.pagefactory.internal.LocatingElementHandler.invoke(LocatingElementHandler.java:51)
at com.sun.proxy.$Proxy26.click(Unknown Source)
at definations_classes.LoginPositiveAndNegitive.user_click_on_login_from_home_page(LoginPositiveAndNegitive.java:35)
at ✽.user click on login from home page.(file:///E:/Selenium%20web%20driver-utlities/cyclos_own_bdd_Project/Feature%20Files/CyclosLogin.feature:5)
... Removed 8 stack frames]]>
    </failure>
  </testcase> <!-- runScenario -->
  <testcase classname="io.cucumber.testng.AbstractTestNGCucumberTests" name="runScenario" time="1.113">
    <failure type="org.openqa.selenium.ElementClickInterceptedException" message="element click intercepted: Element &amp;lt;a routerlink=&amp;quot;/login&amp;quot; id=&amp;quot;login-link&amp;quot; aria-label=&amp;quot;Login&amp;quot; class=&amp;quot;nav-item menu-item density-spacious active&amp;quot; href=&amp;quot;/ui/login&amp;quot;&amp;gt;...&amp;lt;/a&amp;gt; is not clickable at point (1461, 28). Other element would receive the click: &amp;lt;modal-container role=&amp;quot;dialog&amp;quot; tabindex=&amp;quot;-1&amp;quot; class=&amp;quot;modal fade&amp;quot; style=&amp;quot;display: block;&amp;quot; aria-modal=&amp;quot;true&amp;quot;&amp;gt;...&amp;lt;/modal-container&amp;gt;
  (Session info: chrome=142.0.7444.176)
Build info: version: &amp;apos;4.38.0&amp;apos;, revision: &amp;apos;6b412e825c*&amp;apos;
System info: os.name: &amp;apos;Windows 11&amp;apos;, os.arch: &amp;apos;amd64&amp;apos;, os.version: &amp;apos;10.0&amp;apos;, java.version: &amp;apos;11.0.24&amp;apos;
Driver info: org.openqa.selenium.chrome.ChromeDriver
Command: [4c0cc11ade2fcce7fc52850a9a12caa5, clickElement {id=f.7A5D77F5C6EACE5860131978BFD6AC74.d.AEB2E7047645A594D10D9AAD3D32DF22.e.1276}]
Capabilities {acceptInsecureCerts: false, browserName: chrome, browserVersion: 142.0.7444.176, chrome: {chromedriverVersion: 142.0.7444.61 (9884f628acbc..., userDataDir: C:\Users\User\AppData\Local...}, fedcm:accounts: true, goog:chromeOptions: {debuggerAddress: localhost:14033}, goog:processID: 1576, networkConnectionEnabled: false, pageLoadStrategy: normal, platformName: windows, proxy: Proxy(), se:cdp: ws://localhost:14033/devtoo..., se:cdpVersion: 142.0.7444.176, setWindowRect: true, strictFileInteractability: false, timeouts: {implicit: 0, pageLoad: 300000, script: 30000}, unhandledPromptBehavior: dismiss and notify, webauthn:extension:credBlob: true, webauthn:extension:largeBlob: true, webauthn:extension:minPinLength: true, webauthn:extension:prf: true, webauthn:virtualAuthenticators: true}
Element: [[ChromeDriver: chrome on windows (4c0cc11ade2fcce7fc52850a9a12caa5)] -&amp;gt; id: login-link]
Session ID: 4c0cc11ade2fcce7fc52850a9a12caa5">
      <![CDATA[org.openqa.selenium.ElementClickInterceptedException: element click intercepted: Element <a routerlink="/login" id="login-link" aria-label="Login" class="nav-item menu-item density-spacious active" href="/ui/login">...</a> is not clickable at point (1461, 28). Other element would receive the click: <modal-container role="dialog" tabindex="-1" class="modal fade" style="display: block;" aria-modal="true">...</modal-container>
  (Session info: chrome=142.0.7444.176)
Build info: version: '4.38.0', revision: '6b412e825c*'
System info: os.name: 'Windows 11', os.arch: 'amd64', os.version: '10.0', java.version: '11.0.24'
Driver info: org.openqa.selenium.chrome.ChromeDriver
Command: [4c0cc11ade2fcce7fc52850a9a12caa5, clickElement {id=f.7A5D77F5C6EACE5860131978BFD6AC74.d.AEB2E7047645A594D10D9AAD3D32DF22.e.1276}]
Capabilities {acceptInsecureCerts: false, browserName: chrome, browserVersion: 142.0.7444.176, chrome: {chromedriverVersion: 142.0.7444.61 (9884f628acbc..., userDataDir: C:\Users\User\AppData\Local...}, fedcm:accounts: true, goog:chromeOptions: {debuggerAddress: localhost:14033}, goog:processID: 1576, networkConnectionEnabled: false, pageLoadStrategy: normal, platformName: windows, proxy: Proxy(), se:cdp: ws://localhost:14033/devtoo..., se:cdpVersion: 142.0.7444.176, setWindowRect: true, strictFileInteractability: false, timeouts: {implicit: 0, pageLoad: 300000, script: 30000}, unhandledPromptBehavior: dismiss and notify, webauthn:extension:credBlob: true, webauthn:extension:largeBlob: true, webauthn:extension:minPinLength: true, webauthn:extension:prf: true, webauthn:virtualAuthenticators: true}
Element: [[ChromeDriver: chrome on windows (4c0cc11ade2fcce7fc52850a9a12caa5)] -> id: login-link]
Session ID: 4c0cc11ade2fcce7fc52850a9a12caa5
at org.openqa.selenium.remote.ErrorCodec.decode(ErrorCodec.java:167)
at org.openqa.selenium.remote.codec.w3c.W3CHttpResponseCodec.decode(W3CHttpResponseCodec.java:138)
at org.openqa.selenium.remote.codec.w3c.W3CHttpResponseCodec.decode(W3CHttpResponseCodec.java:50)
at org.openqa.selenium.remote.HttpCommandExecutor.execute(HttpCommandExecutor.java:215)
at org.openqa.selenium.remote.service.DriverCommandExecutor.invokeExecute(DriverCommandExecutor.java:216)
at org.openqa.selenium.remote.service.DriverCommandExecutor.execute(DriverCommandExecutor.java:174)
at org.openqa.selenium.remote.RemoteWebDriver.execute(RemoteWebDriver.java:557)
at org.openqa.selenium.remote.RemoteWebElement.execute(RemoteWebElement.java:223)
at org.openqa.selenium.remote.RemoteWebElement.click(RemoteWebElement.java:76)
at org.openqa.selenium.support.pagefactory.internal.LocatingElementHandler.invoke(LocatingElementHandler.java:51)
at com.sun.proxy.$Proxy26.click(Unknown Source)
at definations_classes.LoginPositiveAndNegitive.user_click_on_login_from_home_page(LoginPositiveAndNegitive.java:35)
at ✽.user click on login from home page.(file:///E:/Selenium%20web%20driver-utlities/cyclos_own_bdd_Project/Feature%20Files/CyclosLogin.feature:5)
... Removed 8 stack frames]]>
    </failure>
  </testcase> <!-- runScenario -->
</testsuite> <!-- Run Login Feature -->
