<?xml version="1.0" encoding="UTF-8"?>
<testsuite xmlns:xsi="http://www.w3.org/2001/XMLSchema-instance" xsi:noNamespaceSchemaLocation="https://maven.apache.org/surefire/maven-surefire-plugin/xsd/surefire-test-report.xsd" version="3.0.2" name="TestSuite" time="29.867" tests="2" errors="0" skipped="0" failures="0">
  <properties>
[...]
</properties>
  <testcase name="runScenario[&quot;User should be able to add contact in to contact.&quot;, &quot;Add Contact in contact list.&quot;](1)" classname="runner.TestRunner" time="9.281">
    <system-out><![CDATA[
@Contacts @AddContact
&amp#27;[1mScenario:&amp#27;[22m User should be able to add contact in to contact.                                     &amp#27;[90m# Feature%20Files/AddContacts.feature:4&amp#27;[39m
  &amp#27;[32m✔&amp#27;[39m &amp#27;[32m&amp#27;[1mGiven &amp#27;[22mUser logins succefully logins with valid user name &amp#27;[1m"VMSH"&amp#27;[22m and password &amp#27;[1m"Harsha@427"&amp#27;[22m .&amp#27;[39m &amp#27;[90m# definations_classes.AddContact.user_logins_succefully_logins_with_valid_user_name_and_password(java.lang.String,java.lang.String)&amp#27;[39m
  &amp#27;[32m✔&amp#27;[39m &amp#27;[32m&amp#27;[1mWhen &amp#27;[22mUser clicks on contacts.&amp#27;[39m                                                               &amp#27;[90m# definations_classes.AddContact.user_clicks_on_contacts()&amp#27;[39m
  &amp#27;[32m✔&amp#27;[39m &amp#27;[32m&amp#27;[1mAnd &amp#27;[22mUser navigates to contacts and clicks on add new button.&amp#27;[39m                                &amp#27;[90m# definations_classes.AddContact.user_navigates_to_contacts_and_clicks_on_add_new_button()&amp#27;[39m
  &amp#27;[32m✔&amp#27;[39m &amp#27;[32m&amp#27;[1mAnd &amp#27;[22mUser searches for desired contact and selects from drop down.&amp#27;[39m                           &amp#27;[90m# definations_classes.AddContact.user_searches_for_desired_contact_and_selects_from_drop_down()&amp#27;[39m
  &amp#27;[32m✔&amp#27;[39m &amp#27;[32m&amp#27;[1mThen &amp#27;[22mUser clicks on submit button and verifies success notifaction and contact added.&amp#27;[39m       &amp#27;[90m# definations_classes.AddContact.user_clicks_on_submit_button_and_verifies_success_notifaction_and_contact_added()&amp#27;[39m
]]></system-out>
    <system-err><![CDATA[Mar 27, 2026 2:47:37 PM org.openqa.selenium.devtools.CdpVersionFinder findNearestMatch
WARNING: Unable to find an exact match for CDP version 146, returning the closest version; found: 142; Please update to a Selenium version that supports CDP version 146
]]></system-err>
  </testcase>
  <testcase name="runScenario[&quot;User should be able to add contact in to contact.&quot;, &quot;Add Contact in contact list.&quot;](1)" classname="runner.TestRunner" time="6.767">
    <system-out><![CDATA[
@Contacts @AddContact
&amp#27;[1mScenario:&amp#27;[22m User should be able to add contact in to contact.                                     &amp#27;[90m# Feature%20Files/AddContacts.feature:4&amp#27;[39m
  &amp#27;[32m✔&amp#27;[39m &amp#27;[32m&amp#27;[1mGiven &amp#27;[22mUser logins succefully logins with valid user name &amp#27;[1m"VMSH"&amp#27;[22m and password &amp#27;[1m"Harsha@427"&amp#27;[22m .&amp#27;[39m &amp#27;[90m# definations_classes.AddContact.user_logins_succefully_logins_with_valid_user_name_and_password(java.lang.String,java.lang.String)&amp#27;[39m
  &amp#27;[32m✔&amp#27;[39m &amp#27;[32m&amp#27;[1mWhen &amp#27;[22mUser clicks on contacts.&amp#27;[39m                                                               &amp#27;[90m# definations_classes.AddContact.user_clicks_on_contacts()&amp#27;[39m
  &amp#27;[32m✔&amp#27;[39m &amp#27;[32m&amp#27;[1mAnd &amp#27;[22mUser navigates to contacts and clicks on add new button.&amp#27;[39m                                &amp#27;[90m# definations_classes.AddContact.user_navigates_to_contacts_and_clicks_on_add_new_button()&amp#27;[39m
  &amp#27;[32m✔&amp#27;[39m &amp#27;[32m&amp#27;[1mAnd &amp#27;[22mUser searches for desired contact and selects from drop down.&amp#27;[39m                           &amp#27;[90m# definations_classes.AddContact.user_searches_for_desired_contact_and_selects_from_drop_down()&amp#27;[39m
  &amp#27;[32m✔&amp#27;[39m &amp#27;[32m&amp#27;[1mThen &amp#27;[22mUser clicks on submit button and verifies success notifaction and contact added.&amp#27;[39m       &amp#27;[90m# definations_classes.AddContact.user_clicks_on_submit_button_and_verifies_success_notifaction_and_contact_added()&amp#27;[39m
]]></system-out>
    <system-err><![CDATA[Mar 27, 2026 2:47:49 PM org.openqa.selenium.devtools.CdpVersionFinder findNearestMatch
WARNING: Unable to find an exact match for CDP version 146, returning the closest version; found: 142; Please update to a Selenium version that supports CDP version 146
]]></system-err>
  </testcase>
</testsuite>