<?xml version="1.0" encoding="UTF-8"?>
<testsuite xmlns:xsi="http://www.w3.org/2001/XMLSchema-instance" xsi:noNamespaceSchemaLocation="https://maven.apache.org/surefire/maven-surefire-plugin/xsd/surefire-test-report.xsd" version="3.0.2" name="runner.TestRunner" time="22.37" tests="2" errors="0" skipped="0" failures="0">
  <properties>
[...]
</properties>
  <testcase name="runScenario[&quot;User should be able to add contact in to contact.&quot;, &quot;Add Contact in contact list.&quot;](1)" classname="runner.TestRunner" time="8.356">
    <system-out><![CDATA[
@Contacts @AddContact
&amp#27;[1mScenario:&amp#27;[22m User should be able to add contact in to contact.                                     &amp#27;[90m# Feature%20Files/AddContacts.feature:4&amp#27;[39m
  &amp#27;[32mâœ”&amp#27;[39m &amp#27;[32m&amp#27;[1mGiven &amp#27;[22mUser logins succefully logins with valid user name &amp#27;[1m"VMSH"&amp#27;[22m and password &amp#27;[1m"Harsha@427"&amp#27;[22m .&amp#27;[39m &amp#27;[90m# definations_classes.AddContact.user_logins_succefully_logins_with_valid_user_name_and_password(java.lang.String,java.lang.String)&amp#27;[39m
  &amp#27;[32mâœ”&amp#27;[39m &amp#27;[32m&amp#27;[1mWhen &amp#27;[22mUser clicks on contacts.&amp#27;[39m                                                               &amp#27;[90m# definations_classes.AddContact.user_clicks_on_contacts()&amp#27;[39m
  &amp#27;[32mâœ”&amp#27;[39m &amp#27;[32m&amp#27;[1mAnd &amp#27;[22mUser navigates to contacts and clicks on add new button.&amp#27;[39m                                &amp#27;[90m# definations_classes.AddContact.user_navigates_to_contacts_and_clicks_on_add_new_button()&amp#27;[39m
  &amp#27;[32mâœ”&amp#27;[39m &amp#27;[32m&amp#27;[1mAnd &amp#27;[22mUser searches for desired contact and selects from drop down.&amp#27;[39m                           &amp#27;[90m# definations_classes.AddContact.user_searches_for_desired_contact_and_selects_from_drop_down()&amp#27;[39m
  &amp#27;[32mâœ”&amp#27;[39m &amp#27;[32m&amp#27;[1mThen &amp#27;[22mUser clicks on submit button and verifies success notifaction and contact added.&amp#27;[39m       &amp#27;[90m# definations_classes.AddContact.user_clicks_on_submit_button_and_verifies_success_notifaction_and_contact_added()&amp#27;[39m
]]></system-out>
    <system-err><![CDATA[Dec 10, 2025 4:09:21 PM org.openqa.selenium.remote.tracing.opentelemetry.OpenTelemetryTracer createTracer
INFO: Using OpenTelemetry for tracing
]]></system-err>
  </testcase>
  <testcase name="runScenario[&quot;Add jobs -&gt; Java Development Course to favorites and remove.&quot;, &quot;Directory payment.&quot;](2)" classname="runner.TestRunner" time="7.39">
    <system-out><![CDATA[
@Directory @Advertisements
&amp#27;[1mScenario:&amp#27;[22m Add jobs -> Java Development Course to favorites and remove.                                &amp#27;[90m# Feature%20Files/DirectoryPayment.feature:17&amp#27;[39m
  &amp#27;[32mâœ”&amp#27;[39m &amp#27;[32m&amp#27;[1mGiven &amp#27;[22mUser clicks on directory option from dashboard.&amp#27;[39m                                             &amp#27;[90m# definations_classes.DirectoryPayment.user_clicks_on_directory_option_from_dashboard()&amp#27;[39m
  &amp#27;[32mâœ”&amp#27;[39m &amp#27;[32m&amp#27;[1mWhen &amp#27;[22mUser verifies and clicks on Advertisements.&amp#27;[39m                                                  &amp#27;[90m# definations_classes.DirectoryAdvertisements.user_verifies_and_clicks_on_advertisements()&amp#27;[39m
  &amp#27;[32mâœ”&amp#27;[39m &amp#27;[32m&amp#27;[1mAnd &amp#27;[22mUser verfies and clicks on show advertisements button.&amp#27;[39m                                        &amp#27;[90m# definations_classes.DirectoryAdvertisements.user_verfies_and_clicks_on_show_advertisements()&amp#27;[39m
  &amp#27;[32mâœ”&amp#27;[39m &amp#27;[32m&amp#27;[1mAnd &amp#27;[22mUser searches for &amp#27;[1m"Java"&amp#27;[22m verifies &amp#27;[1m"Java Development Course"&amp#27;[22m advertisement and clicks on it.&amp#27;[39m   &amp#27;[90m# definations_classes.DirectoryAdvertisements.user_searches_for_verifies_advertisement_and_clicks_on_it(java.lang.String,java.lang.String)&amp#27;[39m
  &amp#27;[32mâœ”&amp#27;[39m &amp#27;[32m&amp#27;[1mAnd &amp#27;[22mUser verifies title &amp#27;[1m"Java Development Course"&amp#27;[22m and add to favorites.&amp#27;[39m                           &amp#27;[90m# definations_classes.DirectoryAdvertisements.user_verifies_title_and_add_to_favorites(java.lang.String)&amp#27;[39m
  &amp#27;[32mâœ”&amp#27;[39m &amp#27;[32m&amp#27;[1mAnd &amp#27;[22mUser verifies success message &amp#27;[1m"Added to favorites"&amp#27;[22m and label change &amp#27;[1m"Remove from favorites"&amp#27;[22m .&amp#27;[39m &amp#27;[90m# definations_classes.DirectoryAdvertisements.user_verifies_success_message_and_label_change(java.lang.String,java.lang.String)&amp#27;[39m
  &amp#27;[32mâœ”&amp#27;[39m &amp#27;[32m&amp#27;[1mThen &amp#27;[22mUser clicks on remove from favorites and verifies message &amp#27;[1m"Removed from favorites"&amp#27;[22m .&amp#27;[39m         &amp#27;[90m# definations_classes.DirectoryAdvertisements.user_clicks_on_remove_from_favorites_and_verifies_message(java.lang.String)&amp#27;[39m
]]></system-out>
  </testcase>
</testsuite>