<?xml version="1.0" encoding="UTF-8"?>
<testsuite xmlns:xsi="http://www.w3.org/2001/XMLSchema-instance" xsi:noNamespaceSchemaLocation="https://maven.apache.org/surefire/maven-surefire-plugin/xsd/surefire-test-report.xsd" version="3.0.2" name="runner.TestRunner" time="40.21" tests="3" errors="0" skipped="0" failures="1">
  <properties>
[...]
</properties>
  <testcase name="runScenario[&quot;User should be able to add contact in to contact.&quot;, &quot;Add Contact in contact list.&quot;](1)" classname="runner.TestRunner" time="7.789">
    <system-out><![CDATA[
@Contacts @AddContact
&amp#27;[1mScenario:&amp#27;[22m User should be able to add contact in to contact.                                     &amp#27;[90m# Feature%20Files/AddContacts.feature:4&amp#27;[39m
  &amp#27;[32m✔&amp#27;[39m &amp#27;[32m&amp#27;[1mGiven &amp#27;[22mUser logins succefully logins with valid user name &amp#27;[1m"VMSH"&amp#27;[22m and password &amp#27;[1m"Harsha@427"&amp#27;[22m .&amp#27;[39m &amp#27;[90m# definations_classes.AddContact.user_logins_succefully_logins_with_valid_user_name_and_password(java.lang.String,java.lang.String)&amp#27;[39m
  &amp#27;[32m✔&amp#27;[39m &amp#27;[32m&amp#27;[1mWhen &amp#27;[22mUser clicks on contacts.&amp#27;[39m                                                               &amp#27;[90m# definations_classes.AddContact.user_clicks_on_contacts()&amp#27;[39m
  &amp#27;[32m✔&amp#27;[39m &amp#27;[32m&amp#27;[1mAnd &amp#27;[22mUser navigates to contacts and clicks on add new button.&amp#27;[39m                                &amp#27;[90m# definations_classes.AddContact.user_navigates_to_contacts_and_clicks_on_add_new_button()&amp#27;[39m
  &amp#27;[32m✔&amp#27;[39m &amp#27;[32m&amp#27;[1mAnd &amp#27;[22mUser searches for desired contact and selects from drop down.&amp#27;[39m                           &amp#27;[90m# definations_classes.AddContact.user_searches_for_desired_contact_and_selects_from_drop_down()&amp#27;[39m
  &amp#27;[32m✔&amp#27;[39m &amp#27;[32m&amp#27;[1mThen &amp#27;[22mUser clicks on submit button and verifies success notifaction and contact added.&amp#27;[39m       &amp#27;[90m# definations_classes.AddContact.user_clicks_on_submit_button_and_verifies_success_notifaction_and_contact_added()&amp#27;[39m
]]></system-out>
    <system-err><![CDATA[Apr 09, 2026 4:11:04 PM org.openqa.selenium.devtools.CdpVersionFinder findNearestMatch
WARNING: Unable to find an exact match for CDP version 146, returning the closest version; found: 144; Please update to a Selenium version that supports CDP version 146
]]></system-err>
  </testcase>
  <testcase name="runScenario[&quot;Search and pay to user through directory list.&quot;, &quot;Directory payment.&quot;](2)" classname="runner.TestRunner" time="8.314">
    <system-out><![CDATA[
@Directory @PayThroughDirectory
&amp#27;[1mScenario:&amp#27;[22m Search and pay to user through directory list.                                                                                                                                               &amp#27;[90m# Feature%20Files/DirectoryPayment.feature:8&amp#27;[39m
  &amp#27;[32m✔&amp#27;[39m &amp#27;[32m&amp#27;[1mGiven &amp#27;[22mUser clicks on directory option from dashboard.&amp#27;[39m                                                                                                                                              &amp#27;[90m# definations_classes.DirectoryPayment.user_clicks_on_directory_option_from_dashboard()&amp#27;[39m
  &amp#27;[32m✔&amp#27;[39m &amp#27;[32m&amp#27;[1mWhen &amp#27;[22mUser searches for the contact from keywords text field &amp#27;[1m"Battula"&amp#27;[22m .&amp#27;[39m                                                                                                                            &amp#27;[90m# definations_classes.DirectoryPayment.user_searches_for_the_contact_from_keywords_text_field(java.lang.String)&amp#27;[39m
  &amp#27;[32m✔&amp#27;[39m &amp#27;[32m&amp#27;[1mAnd &amp#27;[22mUser verfies the searched contact &amp#27;[1m"BATTULA VIJAY SHANKAR"&amp#27;[22m and clicks on it.&amp#27;[39m                                                                                                                    &amp#27;[90m# definations_classes.DirectoryPayment.user_verfies_the_searched_contact_and_clicks_on_it(java.lang.String)&amp#27;[39m
  &amp#27;[32m✔&amp#27;[39m &amp#27;[32m&amp#27;[1mAnd &amp#27;[22mUser click on make payment link and navigates to payment to user and verify contact &amp#27;[1m"BATTULA VIJAY SHANKAR"&amp#27;[22m.&amp#27;[39m                                                                                   &amp#27;[90m# definations_classes.DirectoryPayment.user_click_on_make_payment_link_and_navigates_to_payment_to_user_and_verify_contact(java.lang.String)&amp#27;[39m
  &amp#27;[32m✔&amp#27;[39m &amp#27;[32m&amp#27;[1mAnd &amp#27;[22mUser enters amount &amp#27;[1m"10"&amp#27;[22m discription &amp#27;[1m"Payment 1"&amp#27;[22m and clicks on next button.&amp#27;[39m                                                                                                                     &amp#27;[90m# definations_classes.DirectoryPayment.user_enters_amount_discription_and_clicks_on_next_button(java.lang.String,java.lang.String)&amp#27;[39m
  &amp#27;[32m✔&amp#27;[39m &amp#27;[32m&amp#27;[1mAnd &amp#27;[22mUser clicks on confirm button.&amp#27;[39m                                                                                                                                                                 &amp#27;[90m# definations_classes.DirectoryPayment.user_clicks_on_confirm_button()&amp#27;[39m
  &amp#27;[32m✔&amp#27;[39m &amp#27;[32m&amp#27;[1mThen &amp#27;[22mUser should be displayed with success message &amp#27;[1m"The payment was successfully processed"&amp#27;[22m or per day limit message &amp#27;[1m"You have exceeded the maximum of payments per day for     the demo network"&amp#27;[22m.&amp#27;[39m &amp#27;[90m# definations_classes.DirectoryPayment.user_should_be_displayed_with_success_message_or_per_day_limit_message(java.lang.String,java.lang.String)&amp#27;[39m
]]></system-out>
  </testcase>
  <testcase name="runScenario[&quot;Add jobs -&gt; Java Development Course to favorites and remove.&quot;, &quot;Directory payment.&quot;](3)" classname="runner.TestRunner" time="15.134">
    <failure message="no such element: Unable to locate element: {&quot;method&quot;:&quot;css selector&quot;,&quot;selector&quot;:&quot;div .quick-access-container div[class^=&apos;quick-access-item-container&apos;]:nth-child(2)&quot;}&#10;  (Session info: chrome=146.0.7680.178)&#10;For documentation on this error, please visit: https://www.selenium.dev/documentation/webdriver/troubleshooting/errors#nosuchelementexception&#10;Build info: version: &apos;4.40.0&apos;, revision: &apos;b3333f1&apos;&#10;System info: os.name: &apos;Windows 11&apos;, os.arch: &apos;amd64&apos;, os.version: &apos;10.0&apos;, java.version: &apos;21.0.9&apos;&#10;Driver info: org.openqa.selenium.chrome.ChromeDriver&#10;Command: [46f52992aa8fcae13d77ef47290e6d97, findElement {using=css selector, value=div .quick-access-container div[class^=&apos;quick-access-item-container&apos;]:nth-child(2)}]&#10;Capabilities {acceptInsecureCerts: false, browserName: chrome, browserVersion: 146.0.7680.178, chrome: {chromedriverVersion: 146.0.7680.165 (4b989da09e1..., userDataDir: C:\Users\harsha.vv\AppData\...}, fedcm:accounts: true, goog:chromeOptions: {debuggerAddress: localhost:61465}, goog:processID: 37312, networkConnectionEnabled: false, pageLoadStrategy: normal, platformName: windows, proxy: Proxy(), se:cdp: ws://localhost:61465/devtoo..., se:cdpVersion: 146.0.7680.178, setWindowRect: true, strictFileInteractability: false, timeouts: {implicit: 0, pageLoad: 300000, script: 30000}, unhandledPromptBehavior: dismiss and notify, webauthn:extension:credBlob: true, webauthn:extension:largeBlob: true, webauthn:extension:minPinLength: true, webauthn:extension:prf: true, webauthn:virtualAuthenticators: true}&#10;Session ID: 46f52992aa8fcae13d77ef47290e6d97" type="org.openqa.selenium.NoSuchElementException"><![CDATA[org.openqa.selenium.NoSuchElementException: 
no such element: Unable to locate element: {"method":"css selector","selector":"div .quick-access-container div[class^='quick-access-item-container']:nth-child(2)"}
  (Session info: chrome=146.0.7680.178)
For documentation on this error, please visit: https://www.selenium.dev/documentation/webdriver/troubleshooting/errors#nosuchelementexception
Build info: version: '4.40.0', revision: 'b3333f1'
System info: os.name: 'Windows 11', os.arch: 'amd64', os.version: '10.0', java.version: '21.0.9'
Driver info: org.openqa.selenium.chrome.ChromeDriver
Command: [46f52992aa8fcae13d77ef47290e6d97, findElement {using=css selector, value=div .quick-access-container div[class^='quick-access-item-container']:nth-child(2)}]
Capabilities {acceptInsecureCerts: false, browserName: chrome, browserVersion: 146.0.7680.178, chrome: {chromedriverVersion: 146.0.7680.165 (4b989da09e1..., userDataDir: C:\Users\harsha.vv\AppData\...}, fedcm:accounts: true, goog:chromeOptions: {debuggerAddress: localhost:61465}, goog:processID: 37312, networkConnectionEnabled: false, pageLoadStrategy: normal, platformName: windows, proxy: Proxy(), se:cdp: ws://localhost:61465/devtoo..., se:cdpVersion: 146.0.7680.178, setWindowRect: true, strictFileInteractability: false, timeouts: {implicit: 0, pageLoad: 300000, script: 30000}, unhandledPromptBehavior: dismiss and notify, webauthn:extension:credBlob: true, webauthn:extension:largeBlob: true, webauthn:extension:minPinLength: true, webauthn:extension:prf: true, webauthn:virtualAuthenticators: true}
Session ID: 46f52992aa8fcae13d77ef47290e6d97
	at org.openqa.selenium.remote.ErrorCodec.decode(ErrorCodec.java:169)
	at org.openqa.selenium.remote.codec.w3c.W3CHttpResponseCodec.decode(W3CHttpResponseCodec.java:142)
	at org.openqa.selenium.remote.codec.w3c.W3CHttpResponseCodec.decode(W3CHttpResponseCodec.java:49)
	at org.openqa.selenium.remote.HttpCommandExecutor.execute(HttpCommandExecutor.java:223)
	at org.openqa.selenium.remote.service.DriverCommandExecutor.invokeExecute(DriverCommandExecutor.java:216)
	at org.openqa.selenium.remote.service.DriverCommandExecutor.execute(DriverCommandExecutor.java:174)
	at org.openqa.selenium.remote.RemoteWebDriver.execute(RemoteWebDriver.java:601)
	at org.openqa.selenium.remote.ElementLocation$ElementFinder$2.findElement(ElementLocation.java:166)
	at org.openqa.selenium.remote.ElementLocation.findElement(ElementLocation.java:60)
	at org.openqa.selenium.remote.RemoteWebDriver.findElement(RemoteWebDriver.java:424)
	at org.openqa.selenium.remote.RemoteWebDriver.findElement(RemoteWebDriver.java:418)
	at org.openqa.selenium.support.pagefactory.DefaultElementLocator.findElement(DefaultElementLocator.java:68)
	at org.openqa.selenium.support.pagefactory.internal.LocatingElementHandler.invoke(LocatingElementHandler.java:38)
	at jdk.proxy2/jdk.proxy2.$Proxy23.isDisplayed(Unknown Source)
	at definations_classes.DirectoryPayment.user_clicks_on_directory_option_from_dashboard(DirectoryPayment.java:28)
	at ✽.User clicks on directory option from dashboard.(file:///C:/Users/harsha.vv/eclipse-workspace/cyclos_own_bdd_Project-main/Feature%20Files/DirectoryPayment.feature:5)
]]></failure>
    <system-out><![CDATA[
@Directory @Advertisements
&amp#27;[1mScenario:&amp#27;[22m Add jobs -> Java Development Course to favorites and remove.                                &amp#27;[90m# Feature%20Files/DirectoryPayment.feature:17&amp#27;[39m
  &amp#27;[31m✘&amp#27;[39m &amp#27;[31m&amp#27;[1mGiven &amp#27;[22mUser clicks on directory option from dashboard.&amp#27;[39m                                             &amp#27;[90m# definations_classes.DirectoryPayment.user_clicks_on_directory_option_from_dashboard()&amp#27;[39m
        &amp#27;[31morg.openqa.selenium.NoSuchElementException: no such element: Unable to locate element: {"method":"css selector","selector":"div .quick-access-container div[class^='quick-access-item-container']:nth-child(2)"}&amp#27;[39m
        &amp#27;[31m  (Session info: chrome=146.0.7680.178)&amp#27;[39m
        &amp#27;[31mFor documentation on this error, please visit: https://www.selenium.dev/documentation/webdriver/troubleshooting/errors#nosuchelementexception&amp#27;[39m
        &amp#27;[31mBuild info: version: '4.40.0', revision: 'b3333f1'&amp#27;[39m
        &amp#27;[31mSystem info: os.name: 'Windows 11', os.arch: 'amd64', os.version: '10.0', java.version: '21.0.9'&amp#27;[39m
        &amp#27;[31mDriver info: org.openqa.selenium.chrome.ChromeDriver&amp#27;[39m
        &amp#27;[31mCommand: [46f52992aa8fcae13d77ef47290e6d97, findElement {using=css selector, value=div .quick-access-container div[class^='quick-access-item-container']:nth-child(2)}]&amp#27;[39m
        &amp#27;[31mCapabilities {acceptInsecureCerts: false, browserName: chrome, browserVersion: 146.0.7680.178, chrome: {chromedriverVersion: 146.0.7680.165 (4b989da09e1..., userDataDir: C:\Users\harsha.vv\AppData\...}, fedcm:accounts: true, goog:chromeOptions: {debuggerAddress: localhost:61465}, goog:processID: 37312, networkConnectionEnabled: false, pageLoadStrategy: normal, platformName: windows, proxy: Proxy(), se:cdp: ws://localhost:61465/devtoo..., se:cdpVersion: 146.0.7680.178, setWindowRect: true, strictFileInteractability: false, timeouts: {implicit: 0, pageLoad: 300000, script: 30000}, unhandledPromptBehavior: dismiss and notify, webauthn:extension:credBlob: true, webauthn:extension:largeBlob: true, webauthn:extension:minPinLength: true, webauthn:extension:prf: true, webauthn:virtualAuthenticators: true}&amp#27;[39m
        &amp#27;[31mSession ID: 46f52992aa8fcae13d77ef47290e6d97&amp#27;[39m
        &amp#27;[31m	at org.openqa.selenium.remote.ErrorCodec.decode(ErrorCodec.java:169)&amp#27;[39m
        &amp#27;[31m	at org.openqa.selenium.remote.codec.w3c.W3CHttpResponseCodec.decode(W3CHttpResponseCodec.java:142)&amp#27;[39m
        &amp#27;[31m	at org.openqa.selenium.remote.codec.w3c.W3CHttpResponseCodec.decode(W3CHttpResponseCodec.java:49)&amp#27;[39m
        &amp#27;[31m	at org.openqa.selenium.remote.HttpCommandExecutor.execute(HttpCommandExecutor.java:223)&amp#27;[39m
        &amp#27;[31m	at org.openqa.selenium.remote.service.DriverCommandExecutor.invokeExecute(DriverCommandExecutor.java:216)&amp#27;[39m
        &amp#27;[31m	at org.openqa.selenium.remote.service.DriverCommandExecutor.execute(DriverCommandExecutor.java:174)&amp#27;[39m
        &amp#27;[31m	at org.openqa.selenium.remote.RemoteWebDriver.execute(RemoteWebDriver.java:601)&amp#27;[39m
        &amp#27;[31m	at org.openqa.selenium.remote.ElementLocation$ElementFinder$2.findElement(ElementLocation.java:166)&amp#27;[39m
        &amp#27;[31m	at org.openqa.selenium.remote.ElementLocation.findElement(ElementLocation.java:60)&amp#27;[39m
        &amp#27;[31m	at org.openqa.selenium.remote.RemoteWebDriver.findElement(RemoteWebDriver.java:424)&amp#27;[39m
        &amp#27;[31m	at org.openqa.selenium.remote.RemoteWebDriver.findElement(RemoteWebDriver.java:418)&amp#27;[39m
        &amp#27;[31m	at org.openqa.selenium.support.pagefactory.DefaultElementLocator.findElement(DefaultElementLocator.java:68)&amp#27;[39m
        &amp#27;[31m	at org.openqa.selenium.support.pagefactory.internal.LocatingElementHandler.invoke(LocatingElementHandler.java:38)&amp#27;[39m
        &amp#27;[31m	at jdk.proxy2/jdk.proxy2.$Proxy23.isDisplayed(Unknown Source)&amp#27;[39m
        &amp#27;[31m	at definations_classes.DirectoryPayment.user_clicks_on_directory_option_from_dashboard(DirectoryPayment.java:28)&amp#27;[39m
        &amp#27;[31m	at ✽.User clicks on directory option from dashboard.(file:///C:/Users/harsha.vv/eclipse-workspace/cyclos_own_bdd_Project-main/Feature%20Files/DirectoryPayment.feature:5)&amp#27;[39m
  &amp#27;[36m↷&amp#27;[39m &amp#27;[36m&amp#27;[1mWhen &amp#27;[22mUser verifies and clicks on Advertisements.&amp#27;[39m                                                  &amp#27;[90m# definations_classes.DirectoryAdvertisements.user_verifies_and_clicks_on_advertisements()&amp#27;[39m
  &amp#27;[36m↷&amp#27;[39m &amp#27;[36m&amp#27;[1mAnd &amp#27;[22mUser verfies and clicks on show advertisements button.&amp#27;[39m                                        &amp#27;[90m# definations_classes.DirectoryAdvertisements.user_verfies_and_clicks_on_show_advertisements()&amp#27;[39m
  &amp#27;[36m↷&amp#27;[39m &amp#27;[36m&amp#27;[1mAnd &amp#27;[22mUser searches for &amp#27;[1m"Java"&amp#27;[22m verifies &amp#27;[1m"Java Development Course"&amp#27;[22m advertisement and clicks on it.&amp#27;[39m   &amp#27;[90m# definations_classes.DirectoryAdvertisements.user_searches_for_verifies_advertisement_and_clicks_on_it(java.lang.String,java.lang.String)&amp#27;[39m
  &amp#27;[36m↷&amp#27;[39m &amp#27;[36m&amp#27;[1mAnd &amp#27;[22mUser verifies title &amp#27;[1m"Java Development Course"&amp#27;[22m and add to favorites.&amp#27;[39m                           &amp#27;[90m# definations_classes.DirectoryAdvertisements.user_verifies_title_and_add_to_favorites(java.lang.String)&amp#27;[39m
  &amp#27;[36m↷&amp#27;[39m &amp#27;[36m&amp#27;[1mAnd &amp#27;[22mUser verifies success message &amp#27;[1m"Added to favorites"&amp#27;[22m and label change &amp#27;[1m"Remove from favorites"&amp#27;[22m .&amp#27;[39m &amp#27;[90m# definations_classes.DirectoryAdvertisements.user_verifies_success_message_and_label_change(java.lang.String,java.lang.String)&amp#27;[39m
  &amp#27;[36m↷&amp#27;[39m &amp#27;[36m&amp#27;[1mThen &amp#27;[22mUser clicks on remove from favorites and verifies message &amp#27;[1m"Removed from favorites"&amp#27;[22m .&amp#27;[39m         &amp#27;[90m# definations_classes.DirectoryAdvertisements.user_clicks_on_remove_from_favorites_and_verifies_message(java.lang.String)&amp#27;[39m
]]></system-out>
  </testcase>
</testsuite>