<?xml version="1.0" encoding="UTF-8"?>
<testng-results ignored="0" total="2" passed="2" failed="0" skipped="0">
  <reporter-output>
  </reporter-output>
  <suite started-at="2025-12-10T16:09:20 IST" name="Surefire suite" finished-at="2025-12-10T16:09:41 IST" duration-ms="21597">
    <groups>
      <group name="cucumber">
        <method signature="AbstractTestNGCucumberTests.runScenario(io.cucumber.testng.PickleWrapper, io.cucumber.testng.FeatureWrapper)[pri:0, instance:runner.TestRunner@5c90e579]" name="runScenario" class="io.cucumber.testng.AbstractTestNGCucumberTests"/>
      </group> <!-- cucumber -->
    </groups>
    <test started-at="2025-12-10T16:09:20 IST" name="Surefire test" finished-at="2025-12-10T16:09:41 IST" duration-ms="21597">
      <class name="runner.TestRunner">
        <test-method is-config="true" signature="setUpClass(org.testng.ITestContext)[pri:0, instance:runner.TestRunner@5c90e579]" started-at="2025-12-10T16:09:20 IST" name="setUpClass" finished-at="2025-12-10T16:09:25 IST" duration-ms="5553" status="PASS">
          <params>
            <param index="0">
              <value>
                <![CDATA[org.testng.TestRunner@57d7f8ca]]>
              </value>
            </param>
          </params>
          <reporter-output>
          </reporter-output>
        </test-method> <!-- setUpClass -->
        <test-method signature="runScenario(io.cucumber.testng.PickleWrapper, io.cucumber.testng.FeatureWrapper)[pri:0, instance:runner.TestRunner@5c90e579]" started-at="2025-12-10T16:09:25 IST" name="runScenario" description="Runs Cucumber Scenarios" data-provider="scenarios" finished-at="2025-12-10T16:09:34 IST" duration-ms="8341" status="PASS">
          <params>
            <param index="0">
              <value>
                <![CDATA["User should be able to add contact in to contact."]]>
              </value>
            </param>
            <param index="1">
              <value>
                <![CDATA["Add Contact in contact list."]]>
              </value>
            </param>
          </params>
          <reporter-output>
          </reporter-output>
        </test-method> <!-- runScenario -->
        <test-method signature="runScenario(io.cucumber.testng.PickleWrapper, io.cucumber.testng.FeatureWrapper)[pri:0, instance:runner.TestRunner@5c90e579]" started-at="2025-12-10T16:09:34 IST" name="runScenario" description="Runs Cucumber Scenarios" data-provider="scenarios" finished-at="2025-12-10T16:09:41 IST" duration-ms="7405" status="PASS">
          <params>
            <param index="0">
              <value>
                <![CDATA["Add jobs -> Java Development Course to favorites and remove."]]>
              </value>
            </param>
            <param index="1">
              <value>
                <![CDATA["Directory payment."]]>
              </value>
            </param>
          </params>
          <reporter-output>
          </reporter-output>
        </test-method> <!-- runScenario -->
        <test-method is-config="true" signature="tearDownClass()[pri:0, instance:runner.TestRunner@5c90e579]" started-at="2025-12-10T16:09:41 IST" name="tearDownClass" finished-at="2025-12-10T16:09:41 IST" duration-ms="255" status="PASS">
          <reporter-output>
          </reporter-output>
        </test-method> <!-- tearDownClass -->
      </class> <!-- runner.TestRunner -->
    </test> <!-- Surefire test -->
  </suite> <!-- Surefire suite -->
</testng-results>
