<?xml version="1.0" encoding="UTF-8"?>
<!-- Generated by org.testng.reporters.JUnitReportReporter -->
<testsuite hostname="CQMD84096" failures="0" tests="3" name="runner.TestRunner" time="24.491" errors="0" timestamp="2026-04-09T18:25:46 IST" skipped="0">
  <testcase classname="runner.TestRunner" name="runScenario" time="8.500"/>
  <testcase classname="runner.TestRunner" name="runScenario" time="9.191"/>
  <testcase classname="runner.TestRunner" name="runScenario" time="6.800"/>
</testsuite> <!-- runner.TestRunner -->
